\BOOKMARK [1][-]{section.1}{Grundlegende Konzepte der Naturwissenschaften}{}% 1
\BOOKMARK [2][-]{subsection.1.1}{Einheiten}{section.1}% 2
\BOOKMARK [2][-]{subsection.1.2}{Geometrie}{section.1}% 3
\BOOKMARK [2][-]{subsection.1.3}{Konstanten und Anderes}{section.1}% 4
\BOOKMARK [1][-]{section.2}{Mechanik}{}% 5
\BOOKMARK [2][-]{subsection.2.1}{Bewegung in einer Dimension}{section.2}% 6
\BOOKMARK [3][-]{subsubsection.2.1.1}{Momentane Geschwindigkeit}{subsection.2.1}% 7
\BOOKMARK [2][-]{subsection.2.2}{Momentane Beschleunigung}{section.2}% 8
\BOOKMARK [2][-]{subsection.2.3}{Kreisbewegung}{section.2}% 9
\BOOKMARK [2][-]{subsection.2.4}{Tr\344gheit \(1. Newton\)}{section.2}% 10
\BOOKMARK [2][-]{subsection.2.5}{Bewegungsgleichung \(2.Newton\)}{section.2}% 11
\BOOKMARK [2][-]{subsection.2.6}{3. Newton}{section.2}% 12
\BOOKMARK [2][-]{subsection.2.7}{Hooksches Gesetz}{section.2}% 13
\BOOKMARK [2][-]{subsection.2.8}{Superpositionsprinzip der Kr\344fte}{section.2}% 14
\BOOKMARK [2][-]{subsection.2.9}{Impuls}{section.2}% 15
\BOOKMARK [2][-]{subsection.2.10}{Reaktionsprinzip}{section.2}% 16
\BOOKMARK [2][-]{subsection.2.11}{Harmonische Schwingungsgleichung}{section.2}% 17
\BOOKMARK [2][-]{subsection.2.12}{Ged\344mpfte Schwingung}{section.2}% 18
\BOOKMARK [2][-]{subsection.2.13}{Zentrifugalkraft}{section.2}% 19
\BOOKMARK [2][-]{subsection.2.14}{Newtonsches Gravitationsgesetz}{section.2}% 20
\BOOKMARK [2][-]{subsection.2.15}{Erdanziehung}{section.2}% 21
\BOOKMARK [2][-]{subsection.2.16}{Coulombsches Gesetz}{section.2}% 22
\BOOKMARK [2][-]{subsection.2.17}{Hooksches Gesetz}{section.2}% 23
\BOOKMARK [2][-]{subsection.2.18}{Hooksches Gesetz f\374r makro. K\366rper}{section.2}% 24
\BOOKMARK [2][-]{subsection.2.19}{Kinetische Energie}{section.2}% 25
\BOOKMARK [2][-]{subsection.2.20}{Arbeit}{section.2}% 26
\BOOKMARK [2][-]{subsection.2.21}{Leistung}{section.2}% 27
\BOOKMARK [2][-]{subsection.2.22}{Arbeit als Integral der Leistung}{section.2}% 28
\BOOKMARK [2][-]{subsection.2.23}{Konservative Kraft}{section.2}% 29
\BOOKMARK [2][-]{subsection.2.24}{Potentielle Energie}{section.2}% 30
\BOOKMARK [2][-]{subsection.2.25}{Kraft aus Potentieller Energie}{section.2}% 31
\BOOKMARK [2][-]{subsection.2.26}{Hamiltonian}{section.2}% 32
\BOOKMARK [2][-]{subsection.2.27}{Zustand von Vielteilchensystemen}{section.2}% 33
\BOOKMARK [2][-]{subsection.2.28}{Energieerhaltung}{section.2}% 34
\BOOKMARK [2][-]{subsection.2.29}{Kraftstoss}{section.2}% 35
\BOOKMARK [2][-]{subsection.2.30}{Impulserhaltung}{section.2}% 36
\BOOKMARK [2][-]{subsection.2.31}{Bewegungsgl. f\374r zusammengesetztes System}{section.2}% 37
\BOOKMARK [2][-]{subsection.2.32}{Unelastischer Stoss}{section.2}% 38
\BOOKMARK [3][-]{subsubsection.2.32.1}{Geschwindigkeit nach dem Stoss}{subsection.2.32}% 39
\BOOKMARK [3][-]{subsubsection.2.32.2}{Massenschwerpunkt}{subsection.2.32}% 40
\BOOKMARK [3][-]{subsubsection.2.32.3}{Verlust an Ekin}{subsection.2.32}% 41
\BOOKMARK [2][-]{subsection.2.33}{Elastischer Stoss}{section.2}% 42
\BOOKMARK [3][-]{subsubsection.2.33.1}{Endgeschwindigkeiten}{subsection.2.33}% 43
\BOOKMARK [3][-]{subsubsection.2.33.2}{m1 >> m2}{subsection.2.33}% 44
\BOOKMARK [2][-]{subsection.2.34}{Drehmoment}{section.2}% 45
\BOOKMARK [2][-]{subsection.2.35}{Tr\344gheitsmoment}{section.2}% 46
\BOOKMARK [2][-]{subsection.2.36}{Drehimpuls}{section.2}% 47
\BOOKMARK [2][-]{subsection.2.37}{Drallsatz}{section.2}% 48
\BOOKMARK [2][-]{subsection.2.38}{Drehimpulserhaltung}{section.2}% 49
\BOOKMARK [1][-]{section.3}{Statistische Mechanik}{}% 50
\BOOKMARK [2][-]{subsection.3.1}{Mittelwert von Summen von Zufallsgr\366ssen}{section.3}% 51
\BOOKMARK [2][-]{subsection.3.2}{Stoffmenge}{section.3}% 52
\BOOKMARK [2][-]{subsection.3.3}{Mittlere Teilchendichte}{section.3}% 53
\BOOKMARK [2][-]{subsection.3.4}{Konzentration}{section.3}% 54
\BOOKMARK [2][-]{subsection.3.5}{Mittlere freie Wegl\344nge}{section.3}% 55
\BOOKMARK [2][-]{subsection.3.6}{Diffusion}{section.3}% 56
\BOOKMARK [2][-]{subsection.3.7}{Varianz des Ortsvektors bei der Diffusion}{section.3}% 57
\BOOKMARK [3][-]{subsubsection.3.7.1}{Diffusionskonstante}{subsection.3.7}% 58
\BOOKMARK [3][-]{subsubsection.3.7.2}{Erstes Ficksches Gesetz}{subsection.3.7}% 59
\BOOKMARK [3][-]{subsubsection.3.7.3}{Diffusionskonstante}{subsection.3.7}% 60
\BOOKMARK [2][-]{subsection.3.8}{Zweites Ficksches Gesetz}{section.3}% 61
\BOOKMARK [2][-]{subsection.3.9}{Diffusionsgleichung}{section.3}% 62
\BOOKMARK [2][-]{subsection.3.10}{Druck}{section.3}% 63
\BOOKMARK [2][-]{subsection.3.11}{Druck eines idealen Gases}{section.3}% 64
\BOOKMARK [2][-]{subsection.3.12}{Energiezunahme des Gases durch Volumenarbeit}{section.3}% 65
\BOOKMARK [2][-]{subsection.3.13}{Anzahl an Mikrozust\344nden}{section.3}% 66
\BOOKMARK [2][-]{subsection.3.14}{Multiplizit\344t des Mikrozustandes}{section.3}% 67
\BOOKMARK [2][-]{subsection.3.15}{Entropie der Informationstheorie}{section.3}% 68
\BOOKMARK [2][-]{subsection.3.16}{Physikalische Entropie}{section.3}% 69
\BOOKMARK [2][-]{subsection.3.17}{Entropie des Makrozustandes}{section.3}% 70
\BOOKMARK [2][-]{subsection.3.18}{Zweiter Hauptsatz der Thermodynamik}{section.3}% 71
\BOOKMARK [2][-]{subsection.3.19}{Kinetische Temperatur}{section.3}% 72
\BOOKMARK [2][-]{subsection.3.20}{Zustandsgleichung des idealen Gases}{section.3}% 73
\BOOKMARK [2][-]{subsection.3.21}{Definition der Temperatur}{section.3}% 74
\BOOKMARK [2][-]{subsection.3.22}{W\344rmemenge}{section.3}% 75
\BOOKMARK [2][-]{subsection.3.23}{W\344rmekapazit\344t}{section.3}% 76
\BOOKMARK [2][-]{subsection.3.24}{Druck}{section.3}% 77
\BOOKMARK [2][-]{subsection.3.25}{Chemisches Potential}{section.3}% 78
\BOOKMARK [2][-]{subsection.3.26}{Chemische Energie}{section.3}% 79
\BOOKMARK [2][-]{subsection.3.27}{Erster Hauptsatz der Thermodynamik}{section.3}% 80
\BOOKMARK [2][-]{subsection.3.28}{Boltzmann-Faktor}{section.3}% 81
\BOOKMARK [2][-]{subsection.3.29}{Mittlere kinetische Energie eines Teilchens bei der Temperatur T}{section.3}% 82
\BOOKMARK [2][-]{subsection.3.30}{Gleichverteilungssatz}{section.3}% 83
\BOOKMARK [2][-]{subsection.3.31}{Streuzeit}{section.3}% 84
\BOOKMARK [2][-]{subsection.3.32}{Anwendungen des Boltzmannfaktors}{section.3}% 85
\BOOKMARK [2][-]{subsection.3.33}{Dichte}{section.3}% 86
\BOOKMARK [2][-]{subsection.3.34}{Archimedisches Prinzip}{section.3}% 87
\BOOKMARK [1][-]{section.4}{Dimensionsanalyse}{}% 88
\BOOKMARK [2][-]{subsection.4.1}{Begriffe}{section.4}% 89
\BOOKMARK [1][-]{section.5}{Geometrische Optik}{}% 90
\BOOKMARK [2][-]{subsection.5.1}{Ausbreitungsgeschwindigkeit einer Welle}{section.5}% 91
\BOOKMARK [2][-]{subsection.5.2}{Energie eines Photons}{section.5}% 92
\BOOKMARK [2][-]{subsection.5.3}{Reflexion}{section.5}% 93
\BOOKMARK [2][-]{subsection.5.4}{Brechung}{section.5}% 94
\BOOKMARK [2][-]{subsection.5.5}{Fermatsches Prinzip}{section.5}% 95
\BOOKMARK [2][-]{subsection.5.6}{Ausbreitungsgeschwindigkeit in einem Medium}{section.5}% 96
\BOOKMARK [2][-]{subsection.5.7}{Brechung f\374r sph\344rische Oberfl\344chen}{section.5}% 97
\BOOKMARK [2][-]{subsection.5.8}{Fokale L\344ngen \(Brennweiten\) an sp\344rischen Oberfl\344chen}{section.5}% 98
\BOOKMARK [2][-]{subsection.5.9}{Brechungsgesetz f\374r sph\344rische Oberfl\344chen}{section.5}% 99
\BOOKMARK [2][-]{subsection.5.10}{Linsengleichung}{section.5}% 100
\BOOKMARK [2][-]{subsection.5.11}{Linsensysteme}{section.5}% 101
\BOOKMARK [2][-]{subsection.5.12}{Elektromagnetismus}{section.5}% 102
