\BOOKMARK [1][-]{section.1}{Modelle f\374r Z\344hldaten}{}% 1
\BOOKMARK [2][-]{subsection.1.1}{Elementarereignisse}{section.1}% 2
\BOOKMARK [3][-]{subsubsection.1.1.1}{Mengenoperationen}{subsection.1.1}% 3
\BOOKMARK [3][-]{subsubsection.1.1.2}{Axiome}{subsection.1.1}% 4
\BOOKMARK [2][-]{subsection.1.2}{Laplace-Modell}{section.1}% 5
\BOOKMARK [2][-]{subsection.1.3}{Unabh\344ngigkeit}{section.1}% 6
\BOOKMARK [2][-]{subsection.1.4}{Bedingte Wahrscheinlichkeit}{section.1}% 7
\BOOKMARK [3][-]{subsubsection.1.4.1}{Gesetz der totalen Wahrscheinlichkeiten}{subsection.1.4}% 8
\BOOKMARK [3][-]{subsubsection.1.4.2}{Satz von Bayes}{subsection.1.4}% 9
\BOOKMARK [2][-]{subsection.1.5}{Odds}{section.1}% 10
\BOOKMARK [3][-]{subsubsection.1.5.1}{log-Odds}{subsection.1.5}% 11
\BOOKMARK [3][-]{subsubsection.1.5.2}{Odds-Ratio}{subsection.1.5}% 12
\BOOKMARK [2][-]{subsection.1.6}{Zufallsvariable}{section.1}% 13
\BOOKMARK [2][-]{subsection.1.7}{Bernoulli-Verteilung}{section.1}% 14
\BOOKMARK [2][-]{subsection.1.8}{Binominalverteilung}{section.1}% 15
\BOOKMARK [3][-]{subsubsection.1.8.1}{Approximation durch Normalverteilung}{subsection.1.8}% 16
\BOOKMARK [3][-]{subsubsection.1.8.2}{Kumulative Verteilungsfunktion}{subsection.1.8}% 17
\BOOKMARK [2][-]{subsection.1.9}{Kennzahlen einer Verteilung}{section.1}% 18
\BOOKMARK [3][-]{subsubsection.1.9.1}{Erwartungswert \(X\)}{subsection.1.9}% 19
\BOOKMARK [3][-]{subsubsection.1.9.2}{Varianz}{subsection.1.9}% 20
\BOOKMARK [3][-]{subsubsection.1.9.3}{Standardabweichung}{subsection.1.9}% 21
\BOOKMARK [2][-]{subsection.1.10}{Verschiedene Verteilungen}{section.1}% 22
\BOOKMARK [3][-]{subsubsection.1.10.1}{Binominalverteilung}{subsection.1.10}% 23
\BOOKMARK [3][-]{subsubsection.1.10.2}{Hypergeometrische Verteilung}{subsection.1.10}% 24
\BOOKMARK [3][-]{subsubsection.1.10.3}{Poisson-Verteilung}{subsection.1.10}% 25
\BOOKMARK [3][-]{subsubsection.1.10.4}{Exponential-Verteilung}{subsection.1.10}% 26
\BOOKMARK [3][-]{subsubsection.1.10.5}{Normalverteilung/Gaussverteilung}{subsection.1.10}% 27
\BOOKMARK [1][-]{section.2}{Statistik f\374r Z\344hldaten}{}% 28
\BOOKMARK [2][-]{subsection.2.1}{Grundfragen}{section.2}% 29
\BOOKMARK [2][-]{subsection.2.2}{Sch\344tzung f\374r Binominalverteilungen}{section.2}% 30
\BOOKMARK [3][-]{subsubsection.2.2.1}{Momentenmethode}{subsection.2.2}% 31
\BOOKMARK [3][-]{subsubsection.2.2.2}{Maximum-Likelihood}{subsection.2.2}% 32
\BOOKMARK [2][-]{subsection.2.3}{Statistischer Test}{section.2}% 33
\BOOKMARK [2][-]{subsection.2.4}{Fehler 1. und 2 Art}{section.2}% 34
\BOOKMARK [2][-]{subsection.2.5}{Einseitige und zweiseitige Tests}{section.2}% 35
\BOOKMARK [3][-]{subsubsection.2.5.1}{Beispiel zweiseitiger Test}{subsection.2.5}% 36
\BOOKMARK [2][-]{subsection.2.6}{Approximation des Verwerfungsbereichs}{section.2}% 37
\BOOKMARK [2][-]{subsection.2.7}{Verwerfungsbereich}{section.2}% 38
\BOOKMARK [2][-]{subsection.2.8}{p -Wert}{section.2}% 39
\BOOKMARK [2][-]{subsection.2.9}{Vertrauensintervall}{section.2}% 40
\BOOKMARK [2][-]{subsection.2.10}{Approximation}{section.2}% 41
\BOOKMARK [1][-]{section.3}{Modelle und Statistik f\374r Messdaten}{}% 42
\BOOKMARK [2][-]{subsection.3.1}{Kennzahlen}{section.3}% 43
\BOOKMARK [2][-]{subsection.3.2}{Transformationen}{section.3}% 44
\BOOKMARK [2][-]{subsection.3.3}{Zentraler Grenzwertsatz}{section.3}% 45
\BOOKMARK [3][-]{subsubsection.3.3.1}{Quantile}{subsection.3.3}% 46
\BOOKMARK [2][-]{subsection.3.4}{Korrelation und empirische Korrelation}{section.3}% 47
\BOOKMARK [3][-]{subsubsection.3.4.1}{Standardisierung}{subsection.3.4}% 48
\BOOKMARK [2][-]{subsection.3.5}{Boxplot}{section.3}% 49
\BOOKMARK [2][-]{subsection.3.6}{Kennzahlen stetiger Verteilungen}{section.3}% 50
\BOOKMARK [2][-]{subsection.3.7}{n-Gesetz}{section.3}% 51
\BOOKMARK [2][-]{subsection.3.8}{Wichtige stetige Verteilungen}{section.3}% 52
\BOOKMARK [3][-]{subsubsection.3.8.1}{Uniforme Verteilung}{subsection.3.8}% 53
\BOOKMARK [3][-]{subsubsection.3.8.2}{Standard-Normalverteilung}{subsection.3.8}% 54
\BOOKMARK [2][-]{subsection.3.9}{Approximation der t-Verteilung durch Normalverteilung}{section.3}% 55
\BOOKMARK [2][-]{subsection.3.10}{z-Test}{section.3}% 56
\BOOKMARK [3][-]{subsubsection.3.10.1}{Verwerfungsbereich}{subsection.3.10}% 57
\BOOKMARK [1][-]{section.4}{t-Test}{}% 58
\BOOKMARK [2][-]{subsection.4.1}{Teststatistik f\374r eine Stichprobe}{section.4}% 59
\BOOKMARK [3][-]{subsubsection.4.1.1}{Verwerfungsbereich}{subsection.4.1}% 60
\BOOKMARK [3][-]{subsubsection.4.1.2}{Vertrauensintervall f\374r }{subsection.4.1}% 61
\BOOKMARK [3][-]{subsubsection.4.1.3}{Faustregel zu Stichprobengr\366sse}{subsection.4.1}% 62
\BOOKMARK [3][-]{subsubsection.4.1.4}{p-Wert}{subsection.4.1}% 63
\BOOKMARK [3][-]{subsubsection.4.1.5}{Welch-Test}{subsection.4.1}% 64
\BOOKMARK [3][-]{subsubsection.4.1.6}{Mann-Whitney-U Test}{subsection.4.1}% 65
\BOOKMARK [3][-]{subsubsection.4.1.7}{\334bersicht ungepaarte Tests}{subsection.4.1}% 66
\BOOKMARK [2][-]{subsection.4.2}{Statistiken f\374r zwei Stichproben}{section.4}% 67
\BOOKMARK [3][-]{subsubsection.4.2.1}{Gepaarte Stichproben}{subsection.4.2}% 68
\BOOKMARK [3][-]{subsubsection.4.2.2}{Ungepaarte Stichproben}{subsection.4.2}% 69
\BOOKMARK [3][-]{subsubsection.4.2.3}{Teststatistik f\374r zwei Stichproben}{subsection.4.2}% 70
\BOOKMARK [2][-]{subsection.4.3}{Vorzeichen-Test}{section.4}% 71
\BOOKMARK [2][-]{subsection.4.4}{Wilcoxon}{section.4}% 72
\BOOKMARK [1][-]{section.5}{Lineare Regression}{}% 73
\BOOKMARK [2][-]{subsection.5.1}{Tabelle lesen}{section.5}% 74
\BOOKMARK [3][-]{subsubsection.5.1.1}{95\045 -Vertrauensintervall}{subsection.5.1}% 75
\BOOKMARK [3][-]{subsubsection.5.1.2}{p-Wert}{subsection.5.1}% 76
\BOOKMARK [3][-]{subsubsection.5.1.3}{Freiheitsgrade}{subsection.5.1}% 77
\BOOKMARK [3][-]{subsubsection.5.1.4}{t-Wert}{subsection.5.1}% 78
\BOOKMARK [3][-]{subsubsection.5.1.5}{Linearit\344t}{subsection.5.1}% 79
\BOOKMARK [2][-]{subsection.5.2}{Vorhersageintervall}{section.5}% 80
\BOOKMARK [1][-]{section.6}{QQ-Plots}{}% 81
\BOOKMARK [1][-]{section.7}{Schiefe}{}% 82
\BOOKMARK [1][-]{section.8}{Beispiele}{}% 83
